
> react-typescript-starter@0.1.0 test
> react-scripts test "--coverage"

PASS src/nested.test.ts
PASS src/arrays.test.ts
PASS src/objects.test.ts
PASS src/components/StartAttempt.test.tsx
PASS src/components/TwoDice.test.tsx
PASS src/functions.test.ts
PASS src/components/ChangeType.test.tsx
PASS src/components/CycleHoliday.test.tsx
PASS src/components/Counter.test.tsx
PASS src/components/RevealAnswer.test.tsx
PASS src/App.test.tsx
-------------------|---------|----------|---------|---------|-------------------
File               | % Stmts | % Branch | % Funcs | % Lines | Uncovered Line #s 
-------------------|---------|----------|---------|---------|-------------------
All files          |   98.85 |    98.75 |   97.87 |    99.4 |                   
 src               |   99.21 |      100 |   98.66 |     100 |                   
  App.tsx          |     100 |      100 |     100 |     100 |                   
  arrays.ts        |   97.91 |      100 |   95.65 |     100 |                   
  functions.ts     |     100 |      100 |     100 |     100 |                   
  nested.ts        |     100 |      100 |     100 |     100 |                   
  objects.ts       |     100 |      100 |     100 |     100 |                   
 src/components    |   97.87 |    97.22 |   94.73 |   97.87 |                   
  ChangeType.tsx   |     100 |      100 |     100 |     100 |                   
  Counter.tsx      |     100 |      100 |     100 |     100 |                   
  CycleHoliday.tsx |     100 |      100 |     100 |     100 |                   
  RevealAnswer.tsx |     100 |      100 |     100 |     100 |                   
  StartAttempt.tsx |   88.88 |    83.33 |      80 |   88.88 | 26                
  TwoDice.tsx      |     100 |      100 |     100 |     100 |                   
 src/interfaces    |       0 |        0 |       0 |       0 |                   
  answer.ts        |       0 |        0 |       0 |       0 |                   
  question.ts      |       0 |        0 |       0 |       0 |                   
-------------------|---------|----------|---------|---------|-------------------

Test Suites: 11 passed, 11 total
Tests:       93 passed, 93 total
Snapshots:   0 total
Time:        7.386 s
Ran all test suites.
